TN:
SF:app/api/events/route.ts
FN:4,POST
FNF:1
FNH:1
FNDA:6,POST
DA:1,1
DA:2,1
DA:3,1
DA:4,6
DA:5,6
DA:6,6
DA:7,6
DA:8,6
DA:9,6
DA:10,6
DA:11,1
DA:12,1
DA:13,5
DA:14,5
DA:15,6
DA:16,6
DA:17,2
DA:18,2
DA:19,3
DA:20,3
DA:21,3
DA:22,3
DA:23,6
DA:24,6
DA:25,3
DA:26,6
DA:27,1
DA:28,1
DA:29,1
DA:30,2
DA:31,2
DA:32,2
LF:32
LH:32
BRDA:4,0,0,6
BRDA:10,1,0,1
BRDA:12,2,0,5
BRDA:15,3,0,1
BRDA:16,4,0,2
BRDA:18,5,0,3
BRDA:23,6,0,2
BRDA:24,7,0,3
BRDA:26,8,0,1
BRDA:29,9,0,2
BRF:10
BRH:10
end_of_record
TN:
SF:app/api/feature-request/route.ts
FN:4,POST
FNF:1
FNH:1
FNDA:12,POST
DA:1,1
DA:2,1
DA:3,1
DA:4,12
DA:5,12
DA:6,12
DA:7,12
DA:8,12
DA:9,12
DA:10,1
DA:11,1
DA:12,11
DA:13,11
DA:14,12
DA:15,12
DA:16,12
DA:17,12
DA:18,2
DA:19,2
DA:20,9
DA:21,9
DA:22,9
DA:23,9
DA:24,12
DA:25,2
DA:26,2
DA:27,2
DA:28,7
DA:29,7
DA:30,12
DA:31,12
DA:32,12
DA:33,12
DA:34,12
DA:35,12
DA:36,12
DA:37,12
DA:38,12
DA:39,12
DA:40,12
DA:41,12
DA:42,12
DA:43,12
DA:44,12
DA:45,12
DA:46,12
DA:47,12
DA:48,12
DA:49,12
DA:50,12
DA:51,12
DA:52,7
DA:53,12
DA:54,1
DA:55,1
DA:56,1
DA:57,1
DA:58,6
DA:59,6
DA:60,6
DA:61,6
LF:61
LH:61
BRDA:4,0,0,12
BRDA:9,1,0,1
BRDA:11,2,0,11
BRDA:14,3,0,1
BRDA:15,4,0,9
BRDA:17,5,0,2
BRDA:19,6,0,9
BRDA:24,7,0,8
BRDA:24,8,0,2
BRDA:27,9,0,7
BRDA:30,10,0,1
BRDA:30,11,0,6
BRDA:31,12,0,0
BRDA:51,13,0,7
BRDA:53,14,0,1
BRDA:57,15,0,6
BRF:16
BRH:15
end_of_record
TN:
SF:app/api/invite/route.ts
FN:7,buildEmailHtml
FN:74,escapeHtml
FN:78,personalNote_escape
FN:82,POST
FNF:4
FNH:4
FNDA:11,buildEmailHtml
FNDA:13,escapeHtml
FNDA:1,personalNote_escape
FNDA:16,POST
DA:1,1
DA:2,1
DA:3,1
DA:4,1
DA:5,1
DA:6,1
DA:7,11
DA:8,11
DA:9,11
DA:10,1
DA:11,10
DA:12,11
DA:13,11
DA:14,11
DA:15,11
DA:16,11
DA:17,11
DA:18,11
DA:19,11
DA:20,11
DA:21,11
DA:22,11
DA:23,11
DA:24,11
DA:25,11
DA:26,11
DA:27,11
DA:28,11
DA:29,11
DA:30,11
DA:31,11
DA:32,11
DA:33,11
DA:34,11
DA:35,11
DA:36,11
DA:37,11
DA:38,11
DA:39,11
DA:40,11
DA:41,11
DA:42,11
DA:43,11
DA:44,11
DA:45,11
DA:46,11
DA:47,11
DA:48,11
DA:49,11
DA:50,11
DA:51,11
DA:52,11
DA:53,11
DA:54,11
DA:55,11
DA:56,11
DA:57,11
DA:58,11
DA:59,11
DA:60,11
DA:61,11
DA:62,11
DA:63,11
DA:64,11
DA:65,11
DA:66,11
DA:67,11
DA:68,11
DA:69,11
DA:70,11
DA:71,11
DA:72,11
DA:73,1
DA:74,13
DA:75,13
DA:76,13
DA:77,1
DA:78,1
DA:79,1
DA:80,1
DA:81,1
DA:82,16
DA:83,16
DA:84,16
DA:85,16
DA:86,16
DA:87,16
DA:88,1
DA:89,1
DA:90,15
DA:91,15
DA:92,16
DA:93,16
DA:94,16
DA:95,16
DA:96,16
DA:97,3
DA:98,3
DA:99,12
DA:100,12
DA:101,16
DA:102,16
DA:103,16
DA:104,1
DA:105,1
DA:106,1
DA:107,11
DA:108,11
DA:109,16
DA:110,16
DA:111,16
DA:112,16
DA:113,16
DA:114,16
DA:115,16
DA:116,16
DA:117,11
DA:118,16
DA:119,3
DA:120,3
DA:121,1
DA:122,3
DA:123,2
DA:124,2
DA:125,3
DA:126,3
DA:127,8
DA:128,8
DA:129,8
DA:130,8
DA:131,8
DA:132,16
DA:133,8
DA:134,8
DA:135,8
LF:135
LH:135
BRDA:7,0,0,11
BRDA:8,1,0,1
BRDA:8,2,0,10
BRDA:9,3,0,1
BRDA:10,4,0,10
BRDA:48,5,0,1
BRDA:48,6,0,10
BRDA:74,7,0,13
BRDA:78,8,0,1
BRDA:82,9,0,16
BRDA:87,10,0,1
BRDA:89,11,0,15
BRDA:92,12,0,1
BRDA:93,13,0,14
BRDA:94,14,0,14
BRDA:96,15,0,13
BRDA:96,16,0,3
BRDA:98,17,0,12
BRDA:101,18,0,1
BRDA:103,19,0,1
BRDA:106,20,0,11
BRDA:109,21,0,0
BRDA:116,22,0,11
BRDA:118,23,0,3
BRDA:119,24,0,0
BRDA:120,25,0,1
BRDA:122,26,0,2
BRDA:126,27,0,8
BRDA:132,28,0,0
BRDA:132,29,0,8
BRF:30
BRH:27
end_of_record
TN:
SF:app/api/sentry-webhook/route.ts
FN:18,POST
FNF:1
FNH:1
FNDA:10,POST
DA:1,1
DA:2,1
DA:3,1
DA:4,1
DA:5,1
DA:6,1
DA:7,1
DA:8,1
DA:9,1
DA:10,1
DA:11,1
DA:12,1
DA:13,1
DA:14,1
DA:15,1
DA:16,1
DA:17,1
DA:18,10
DA:19,10
DA:20,10
DA:21,10
DA:22,10
DA:23,2
DA:24,2
DA:25,2
DA:26,1
DA:27,1
DA:28,2
DA:29,9
DA:30,9
DA:31,9
DA:32,9
DA:33,10
DA:34,1
DA:35,1
DA:36,8
DA:37,8
DA:38,10
DA:39,1
DA:40,1
DA:41,7
DA:42,10
DA:43,10
DA:44,10
DA:45,10
DA:46,10
DA:47,10
DA:48,10
DA:49,10
DA:50,2
DA:51,2
DA:52,2
DA:53,5
DA:54,5
DA:55,5
DA:56,5
DA:57,5
DA:58,5
DA:59,5
DA:60,5
DA:61,5
DA:62,5
DA:63,5
DA:64,5
DA:65,5
DA:66,5
DA:67,10
DA:68,1
DA:69,1
DA:70,1
DA:71,1
DA:72,4
DA:73,4
DA:74,4
LF:74
LH:74
BRDA:18,0,0,10
BRDA:22,1,0,2
BRDA:25,2,0,1
BRDA:28,3,0,9
BRDA:33,4,0,1
BRDA:35,5,0,8
BRDA:38,6,0,1
BRDA:40,7,0,7
BRDA:42,8,0,0
BRDA:43,9,0,0
BRDA:43,10,0,0
BRDA:44,11,0,0
BRDA:49,12,0,6
BRDA:49,13,0,2
BRDA:52,14,0,5
BRDA:67,15,0,1
BRDA:71,16,0,4
BRF:17
BRH:13
end_of_record
TN:
SF:app/api/vercel-webhook/route.ts
FN:21,POST
FNF:1
FNH:1
FNDA:10,POST
DA:1,1
DA:2,1
DA:3,1
DA:4,1
DA:5,1
DA:6,1
DA:7,1
DA:8,1
DA:9,1
DA:10,1
DA:11,1
DA:12,1
DA:13,1
DA:14,1
DA:15,1
DA:16,1
DA:17,1
DA:18,1
DA:19,1
DA:20,1
DA:21,10
DA:22,10
DA:23,10
DA:24,10
DA:25,10
DA:26,2
DA:27,2
DA:28,2
DA:29,1
DA:30,1
DA:31,2
DA:32,9
DA:33,9
DA:34,9
DA:35,9
DA:36,10
DA:37,2
DA:38,2
DA:39,7
DA:40,10
DA:41,10
DA:42,10
DA:43,10
DA:44,1
DA:45,1
DA:46,6
DA:47,10
DA:48,10
DA:49,10
DA:50,10
DA:51,10
DA:52,10
DA:53,2
DA:54,2
DA:55,2
DA:56,4
DA:57,4
DA:58,4
DA:59,4
DA:60,4
DA:61,4
DA:62,4
DA:63,4
DA:64,4
DA:65,4
DA:66,4
DA:67,4
DA:68,4
DA:69,4
DA:70,10
DA:71,1
DA:72,1
DA:73,1
DA:74,1
DA:75,3
DA:76,3
DA:77,3
LF:77
LH:77
BRDA:21,0,0,10
BRDA:25,1,0,2
BRDA:28,2,0,1
BRDA:31,3,0,9
BRDA:36,4,0,8
BRDA:36,5,0,2
BRDA:38,6,0,7
BRDA:40,7,0,1
BRDA:41,8,0,7
BRDA:41,9,0,1
BRDA:43,10,0,1
BRDA:45,11,0,6
BRDA:47,12,0,6
BRDA:47,13,0,0
BRDA:52,14,0,5
BRDA:52,15,0,2
BRDA:55,16,0,4
BRDA:70,17,0,1
BRDA:74,18,0,3
BRF:19
BRH:18
end_of_record
TN:
SF:components/admin/AdminNav.tsx
FN:1,(empty-report)
FNF:1
FNH:0
FNDA:0,(empty-report)
DA:1,0
DA:2,0
DA:3,0
DA:4,0
DA:5,0
DA:6,0
DA:7,0
DA:8,0
DA:9,0
DA:10,0
DA:11,0
DA:12,0
DA:13,0
DA:14,0
DA:15,0
DA:16,0
DA:17,0
DA:18,0
DA:19,0
DA:20,0
DA:21,0
DA:22,0
DA:23,0
DA:24,0
DA:25,0
DA:26,0
DA:27,0
DA:28,0
DA:29,0
DA:30,0
DA:31,0
DA:32,0
DA:33,0
DA:34,0
DA:35,0
DA:36,0
DA:37,0
DA:38,0
DA:39,0
DA:40,0
DA:41,0
DA:42,0
DA:43,0
DA:44,0
DA:45,0
DA:46,0
LF:46
LH:0
BRDA:1,0,0,0
BRF:1
BRH:0
end_of_record
TN:
SF:components/admin/MetricCard.tsx
FN:1,(empty-report)
FNF:1
FNH:0
FNDA:0,(empty-report)
DA:1,0
DA:2,0
DA:3,0
DA:4,0
DA:5,0
DA:6,0
DA:7,0
DA:8,0
DA:9,0
DA:10,0
DA:11,0
DA:12,0
DA:13,0
LF:13
LH:0
BRDA:1,0,0,0
BRF:1
BRH:0
end_of_record
TN:
SF:components/auth/AuthForm.tsx
FN:13,AuthForm
FN:24,handleSubmit
FN:78,onClick
FN:93,onClick
FN:106,onChange
FN:120,onChange
FN:157,onClick
FN:169,onClick
FNF:8
FNH:8
FNDA:246,AuthForm
FNDA:9,handleSubmit
FNDA:12,onClick
FNDA:1,onClick
FNDA:144,onChange
FNDA:41,onChange
FNDA:5,onClick
FNDA:1,onClick
DA:1,1
DA:2,1
DA:3,1
DA:4,1
DA:5,1
DA:6,1
DA:7,1
DA:8,1
DA:9,1
DA:10,1
DA:11,1
DA:12,1
DA:13,246
DA:14,246
DA:15,246
DA:16,246
DA:17,246
DA:18,246
DA:19,246
DA:20,246
DA:21,246
DA:22,246
DA:23,246
DA:24,246
DA:25,9
DA:26,9
DA:27,9
DA:28,9
DA:29,0
DA:30,0
DA:31,0
DA:32,9
DA:33,9
DA:34,9
DA:35,9
DA:36,2
DA:37,2
DA:38,2
DA:39,2
DA:40,2
DA:41,2
DA:42,9
DA:43,2
DA:44,2
DA:45,2
DA:46,2
DA:47,2
DA:48,2
DA:49,2
DA:50,7
DA:51,2
DA:52,2
DA:53,2
DA:54,2
DA:55,2
DA:56,2
DA:57,2
DA:58,5
DA:59,3
DA:60,3
DA:61,2
DA:62,2
DA:63,9
DA:64,1
DA:65,1
DA:66,9
DA:67,9
DA:68,9
DA:69,9
DA:70,246
DA:71,246
DA:72,246
DA:73,246
DA:74,246
DA:75,735
DA:76,735
DA:77,735
DA:78,735
DA:79,735
DA:80,735
DA:81,204
DA:82,531
DA:83,735
DA:84,735
DA:85,735
DA:86,735
DA:87,246
DA:88,246
DA:89,246
DA:90,246
DA:91,103
DA:92,103
DA:93,103
DA:94,103
DA:95,103
DA:96,103
DA:97,103
DA:98,246
DA:99,246
DA:100,246
DA:101,246
DA:102,246
DA:103,246
DA:104,246
DA:105,246
DA:106,246
DA:107,246
DA:108,246
DA:109,246
DA:110,246
DA:111,246
DA:112,246
DA:113,246
DA:114,160
DA:115,160
DA:116,160
DA:117,160
DA:118,160
DA:119,160
DA:120,160
DA:121,160
DA:122,160
DA:123,160
DA:124,160
DA:125,160
DA:126,160
DA:127,160
DA:128,160
DA:129,57
DA:130,57
DA:131,57
DA:132,57
DA:133,57
DA:134,57
DA:135,285
DA:136,285
DA:137,285
DA:138,285
DA:139,285
DA:140,285
DA:141,285
DA:142,285
DA:143,285
DA:144,285
DA:145,285
DA:146,285
DA:147,57
DA:148,57
DA:149,160
DA:150,160
DA:151,246
DA:152,246
DA:153,246
DA:154,103
DA:155,103
DA:156,103
DA:157,103
DA:158,103
DA:159,103
DA:160,103
DA:161,103
DA:162,103
DA:163,246
DA:164,246
DA:165,246
DA:166,41
DA:167,41
DA:168,41
DA:169,41
DA:170,41
DA:171,41
DA:172,41
DA:173,41
DA:174,41
DA:175,246
DA:176,246
DA:177,246
DA:178,7
DA:179,7
DA:180,7
DA:181,1
DA:182,6
DA:183,7
DA:184,7
DA:185,7
DA:186,7
DA:187,246
DA:188,246
DA:189,246
DA:190,246
DA:191,246
DA:192,246
DA:193,246
DA:194,246
DA:195,9
DA:196,236
DA:197,100
DA:198,136
DA:199,55
DA:200,81
DA:201,39
DA:202,42
DA:203,246
DA:204,246
DA:205,246
DA:206,246
LF:206
LH:203
BRDA:13,0,0,246
BRDA:22,1,0,57
BRDA:90,2,0,103
BRDA:113,3,0,201
BRDA:113,4,0,160
BRDA:122,5,0,57
BRDA:122,6,0,103
BRDA:123,7,0,57
BRDA:123,8,0,22
BRDA:124,9,0,57
BRDA:124,10,0,103
BRDA:128,11,0,57
BRDA:153,12,0,103
BRDA:165,13,0,41
BRDA:177,14,0,7
BRDA:180,15,0,1
BRDA:181,16,0,6
BRDA:191,17,0,236
BRDA:194,18,0,9
BRDA:195,19,0,236
BRDA:196,20,0,100
BRDA:197,21,0,136
BRDA:198,22,0,55
BRDA:199,23,0,81
BRDA:200,24,0,39
BRDA:201,25,0,42
BRDA:24,26,0,9
BRDA:28,27,0,2
BRDA:28,28,0,0
BRDA:35,29,0,2
BRDA:40,30,0,0
BRDA:42,31,0,7
BRDA:42,32,0,2
BRDA:48,33,0,0
BRDA:50,34,0,5
BRDA:50,35,0,2
BRDA:58,36,0,3
BRDA:60,37,0,1
BRDA:60,38,0,2
BRDA:63,39,0,1
BRDA:64,40,0,0
BRDA:74,41,0,735
BRDA:80,42,0,204
BRDA:81,43,0,531
BRDA:85,44,0,245
BRDA:85,45,0,490
BRDA:85,46,0,245
BRDA:85,47,0,245
BRDA:78,48,0,12
BRDA:93,49,0,1
BRDA:106,50,0,144
BRDA:120,51,0,41
BRDA:134,52,0,285
BRDA:141,53,0,70
BRDA:141,54,0,215
BRDA:143,55,0,70
BRDA:143,56,0,215
BRDA:157,57,0,5
BRDA:169,58,0,1
BRF:59
BRH:55
end_of_record
TN:
SF:components/board/KanbanCard.tsx
FN:15,KanbanCard
FN:35,onClick
FNF:2
FNH:2
FNDA:8,KanbanCard
FNDA:1,onClick
DA:1,1
DA:2,1
DA:3,1
DA:4,1
DA:5,1
DA:6,1
DA:7,1
DA:8,1
DA:9,1
DA:10,1
DA:11,1
DA:12,1
DA:13,1
DA:14,1
DA:15,8
DA:16,8
DA:17,8
DA:18,8
DA:19,8
DA:20,8
DA:21,8
DA:22,8
DA:23,8
DA:24,8
DA:25,8
DA:26,8
DA:27,8
DA:28,8
DA:29,8
DA:30,8
DA:31,8
DA:32,8
DA:33,8
DA:34,8
DA:35,8
DA:36,8
DA:37,8
DA:38,8
DA:39,8
DA:40,8
DA:41,8
DA:42,8
DA:43,8
DA:44,8
DA:45,8
DA:46,8
DA:47,8
DA:48,8
DA:49,8
DA:50,8
DA:51,7
DA:52,7
DA:53,7
DA:54,8
DA:55,8
DA:56,8
DA:57,8
DA:58,8
DA:59,8
DA:60,8
DA:61,8
DA:62,8
DA:63,8
DA:64,8
DA:65,8
DA:66,8
DA:67,8
DA:68,8
DA:69,7
DA:70,7
DA:71,7
DA:72,7
DA:73,7
DA:74,7
DA:75,8
DA:76,8
DA:77,8
DA:78,8
LF:78
LH:78
BRDA:15,0,0,8
BRDA:32,1,0,1
BRDA:32,2,0,7
BRDA:33,3,0,1
BRDA:33,4,0,7
BRDA:34,5,0,1
BRDA:34,6,0,7
BRDA:39,7,0,0
BRDA:40,8,0,1
BRDA:40,9,0,7
BRDA:50,10,0,7
BRDA:68,11,0,7
BRDA:35,12,0,1
BRF:13
BRH:12
end_of_record
TN:
SF:components/modals/ApplicationModal.tsx
FN:48,ApplicationModal
FN:106,handleKey
FN:113,set
FN:117,handleSubmit
FN:135,handleDelete
FN:156,onClick
FN:184,onClick
FN:211,onChange
FN:221,onChange
FN:234,onChange
FN:247,onChange
FN:263,onChange
FN:276,onChange
FN:288,onChange
FN:301,onChange
FN:317,onChange
FN:331,onChange
FN:337,onClick
FN:359,onChange
FN:374,onChange
FN:384,onChange
FN:399,onClick
FN:406,onClick
FN:429,onChange
FN:485,onClick
FN:494,onClick
FNF:26
FNH:12
FNDA:119,ApplicationModal
FNDA:43,handleKey
FNDA:44,set
FNDA:4,handleSubmit
FNDA:2,handleDelete
FNDA:23,onClick
FNDA:8,onClick
FNDA:13,onChange
FNDA:0,onChange
FNDA:0,onChange
FNDA:0,onChange
FNDA:0,onChange
FNDA:0,onChange
FNDA:0,onChange
FNDA:0,onChange
FNDA:0,onChange
FNDA:31,onChange
FNDA:2,onClick
FNDA:0,onChange
FNDA:0,onChange
FNDA:0,onChange
FNDA:0,onClick
FNDA:3,onClick
FNDA:0,onChange
FNDA:0,onClick
FNDA:3,onClick
DA:1,1
DA:2,1
DA:3,1
DA:4,1
DA:5,1
DA:6,1
DA:7,1
DA:8,1
DA:9,1
DA:10,1
DA:11,1
DA:12,1
DA:13,1
DA:14,1
DA:15,1
DA:16,1
DA:17,1
DA:18,1
DA:19,1
DA:20,1
DA:21,1
DA:22,1
DA:23,1
DA:24,1
DA:25,1
DA:26,1
DA:27,1
DA:28,1
DA:29,1
DA:30,1
DA:31,1
DA:32,1
DA:33,1
DA:34,1
DA:35,1
DA:36,1
DA:37,1
DA:38,1
DA:39,1
DA:40,1
DA:41,1
DA:42,1
DA:43,1
DA:44,1
DA:45,1
DA:46,1
DA:47,1
DA:48,119
DA:49,119
DA:50,119
DA:51,119
DA:52,119
DA:53,119
DA:54,119
DA:55,119
DA:56,119
DA:57,79
DA:58,79
DA:59,79
DA:60,79
DA:61,79
DA:62,79
DA:63,79
DA:64,79
DA:65,79
DA:66,79
DA:67,79
DA:68,79
DA:69,79
DA:70,79
DA:71,79
DA:72,79
DA:73,79
DA:74,39
DA:75,119
DA:76,119
DA:77,119
DA:78,119
DA:79,119
DA:80,119
DA:81,119
DA:82,119
DA:83,119
DA:84,119
DA:85,119
DA:86,119
DA:87,33
DA:88,119
DA:89,119
DA:90,119
DA:91,33
DA:92,17
DA:93,17
DA:94,17
DA:95,17
DA:96,17
DA:97,17
DA:98,17
DA:99,17
DA:100,17
DA:101,17
DA:102,119
DA:103,119
DA:104,119
DA:105,119
DA:106,33
DA:107,43
DA:108,43
DA:109,33
DA:110,33
DA:111,119
DA:112,119
DA:113,119
DA:114,44
DA:115,44
DA:116,119
DA:117,119
DA:118,4
DA:119,4
DA:120,1
DA:121,1
DA:122,1
DA:123,3
DA:124,3
DA:125,3
DA:126,3
DA:127,4
DA:128,1
DA:129,1
DA:130,4
DA:131,3
DA:132,3
DA:133,4
DA:134,119
DA:135,119
DA:136,2
DA:137,2
DA:138,2
DA:139,2
DA:140,1
DA:141,1
DA:142,1
DA:143,1
DA:144,1
DA:145,1
DA:146,2
DA:147,119
DA:148,119
DA:149,119
DA:150,119
DA:151,119
DA:152,119
DA:153,119
DA:154,119
DA:155,119
DA:156,119
DA:157,119
DA:158,119
DA:159,119
DA:160,119
DA:161,119
DA:162,119
DA:163,119
DA:164,119
DA:165,119
DA:166,119
DA:167,119
DA:168,119
DA:169,119
DA:170,119
DA:171,119
DA:172,119
DA:173,119
DA:174,119
DA:175,119
DA:176,119
DA:177,119
DA:178,119
DA:179,119
DA:180,119
DA:181,472
DA:182,472
DA:183,472
DA:184,472
DA:185,472
DA:186,472
DA:187,118
DA:188,354
DA:189,472
DA:190,472
DA:191,472
DA:192,472
DA:193,119
DA:194,119
DA:195,119
DA:196,119
DA:197,119
DA:198,119
DA:199,107
DA:200,107
DA:201,107
DA:202,107
DA:203,107
DA:204,107
DA:205,107
DA:206,107
DA:207,107
DA:208,107
DA:209,107
DA:210,107
DA:211,107
DA:212,107
DA:213,107
DA:214,107
DA:215,107
DA:216,107
DA:217,107
DA:218,107
DA:219,107
DA:220,107
DA:221,107
DA:222,107
DA:223,107
DA:224,107
DA:225,107
DA:226,107
DA:227,107
DA:228,107
DA:229,107
DA:230,107
DA:231,107
DA:232,107
DA:233,107
DA:234,107
DA:235,107
DA:236,107
DA:237,107
DA:238,107
DA:239,428
DA:240,107
DA:241,107
DA:242,107
DA:243,107
DA:244,107
DA:245,107
DA:246,107
DA:247,107
DA:248,107
DA:249,107
DA:250,107
DA:251,321
DA:252,107
DA:253,107
DA:254,107
DA:255,107
DA:256,107
DA:257,107
DA:258,107
DA:259,107
DA:260,107
DA:261,107
DA:262,107
DA:263,107
DA:264,107
DA:265,107
DA:266,107
DA:267,963
DA:268,107
DA:269,107
DA:270,107
DA:271,107
DA:272,107
DA:273,107
DA:274,107
DA:275,107
DA:276,107
DA:277,107
DA:278,107
DA:279,107
DA:280,107
DA:281,107
DA:282,107
DA:283,107
DA:284,107
DA:285,107
DA:286,107
DA:287,107
DA:288,107
DA:289,107
DA:290,107
DA:291,107
DA:292,107
DA:293,428
DA:294,107
DA:295,107
DA:296,107
DA:297,107
DA:298,107
DA:299,107
DA:300,107
DA:301,107
DA:302,107
DA:303,107
DA:304,107
DA:305,321
DA:306,107
DA:307,107
DA:308,107
DA:309,107
DA:310,107
DA:311,107
DA:312,107
DA:313,107
DA:314,107
DA:315,107
DA:316,107
DA:317,107
DA:318,107
DA:319,107
DA:320,107
DA:321,321
DA:322,107
DA:323,107
DA:324,107
DA:325,107
DA:326,107
DA:327,107
DA:328,107
DA:329,107
DA:330,107
DA:331,107
DA:332,107
DA:333,107
DA:334,107
DA:335,107
DA:336,107
DA:337,107
DA:338,2
DA:339,2
DA:340,107
DA:341,107
DA:342,107
DA:343,107
DA:344,107
DA:345,107
DA:346,107
DA:347,107
DA:348,107
DA:349,107
DA:350,107
DA:351,107
DA:352,107
DA:353,107
DA:354,107
DA:355,107
DA:356,107
DA:357,107
DA:358,107
DA:359,107
DA:360,107
DA:361,107
DA:362,107
DA:363,107
DA:364,107
DA:365,119
DA:366,119
DA:367,119
DA:368,1
DA:369,1
DA:370,1
DA:371,1
DA:372,1
DA:373,1
DA:374,1
DA:375,1
DA:376,1
DA:377,1
DA:378,1
DA:379,1
DA:380,1
DA:381,1
DA:382,1
DA:383,1
DA:384,1
DA:385,1
DA:386,1
DA:387,1
DA:388,1
DA:389,1
DA:390,119
DA:391,119
DA:392,119
DA:393,8
DA:394,8
DA:395,8
DA:396,8
DA:397,8
DA:398,8
DA:399,8
DA:400,8
DA:401,8
DA:402,8
DA:403,8
DA:404,8
DA:405,8
DA:406,8
DA:407,8
DA:408,8
DA:409,8
DA:410,8
DA:411,8
DA:412,8
DA:413,8
DA:414,3
DA:415,1
DA:416,1
DA:417,1
DA:418,1
DA:419,2
DA:420,2
DA:421,2
DA:422,2
DA:423,2
DA:424,2
DA:425,5
DA:426,5
DA:427,5
DA:428,5
DA:429,5
DA:430,5
DA:431,5
DA:432,8
DA:433,8
DA:434,119
DA:435,119
DA:436,119
DA:437,2
DA:438,2
DA:439,1
DA:440,1
DA:441,1
DA:442,1
DA:443,2
DA:444,2
DA:445,2
DA:446,2
DA:447,2
DA:448,2
DA:449,2
DA:450,2
DA:451,2
DA:452,2
DA:453,2
DA:454,2
DA:455,2
DA:456,1
DA:457,1
DA:458,2
DA:459,2
DA:460,119
DA:461,119
DA:462,119
DA:463,119
DA:464,119
DA:465,3
DA:466,3
DA:467,3
DA:468,119
DA:469,119
DA:470,119
DA:471,119
DA:472,14
DA:473,5
DA:474,5
DA:475,5
DA:476,5
DA:477,5
DA:478,5
DA:479,5
DA:480,5
DA:481,5
DA:482,5
DA:483,5
DA:484,5
DA:485,5
DA:486,5
DA:487,5
DA:488,5
DA:489,5
DA:490,5
DA:491,9
DA:492,9
DA:493,9
DA:494,9
DA:495,9
DA:496,9
DA:497,9
DA:498,9
DA:499,104
DA:500,104
DA:501,104
DA:502,119
DA:503,119
DA:504,119
DA:505,119
DA:506,119
DA:507,119
DA:508,119
DA:509,119
DA:510,119
DA:511,119
DA:512,119
DA:513,119
DA:514,119
DA:515,119
DA:516,119
DA:517,119
DA:518,119
DA:519,119
DA:520,119
DA:521,119
DA:522,119
DA:523,119
DA:524,119
DA:525,119
LF:525
LH:525
BRDA:48,0,0,119
BRDA:56,1,0,79
BRDA:58,2,0,0
BRDA:73,3,0,39
BRDA:102,4,0,79
BRDA:166,5,0,79
BRDA:166,6,0,39
BRDA:198,7,0,107
BRDA:220,8,0,36
BRDA:233,9,0,36
BRDA:275,10,0,0
BRDA:287,11,0,36
BRDA:330,12,0,37
BRDA:342,13,0,70
BRDA:342,14,0,37
BRDA:358,15,0,36
BRDA:367,16,0,1
BRDA:392,17,0,8
BRDA:400,18,0,5
BRDA:400,19,0,3
BRDA:407,20,0,3
BRDA:407,21,0,5
BRDA:413,22,0,3
BRDA:414,23,0,2
BRDA:414,24,0,1
BRDA:418,25,0,2
BRDA:422,26,0,1
BRDA:424,27,0,5
BRDA:428,28,0,3
BRDA:436,29,0,2
BRDA:438,30,0,1
BRDA:439,31,0,1
BRDA:464,32,0,3
BRDA:471,33,0,14
BRDA:472,34,0,5
BRDA:481,35,0,2
BRDA:481,36,0,3
BRDA:490,37,0,9
BRDA:498,38,0,104
BRDA:517,39,0,3
BRDA:517,40,0,115
BRDA:517,41,0,79
BRDA:517,42,0,36
BRDA:86,43,0,33
BRDA:90,44,0,33
BRDA:91,45,0,16
BRDA:91,46,0,17
BRDA:98,47,0,17
BRDA:99,48,0,0
BRDA:99,49,0,0
BRDA:105,50,0,33
BRDA:106,51,0,43
BRDA:107,52,0,1
BRDA:110,53,0,33
BRDA:113,54,0,44
BRDA:114,55,0,44
BRDA:117,56,0,4
BRDA:119,57,0,1
BRDA:122,58,0,3
BRDA:126,59,0,2
BRDA:127,60,0,1
BRDA:129,61,0,0
BRDA:130,62,0,3
BRDA:135,63,0,2
BRDA:136,64,0,0
BRDA:139,65,0,1
BRDA:142,66,0,0
BRDA:156,67,0,23
BRDA:156,68,0,0
BRDA:180,69,0,472
BRDA:186,70,0,118
BRDA:187,71,0,354
BRDA:184,72,0,8
BRDA:211,73,0,13
BRDA:238,74,0,428
BRDA:250,75,0,321
BRDA:266,76,0,963
BRDA:292,77,0,428
BRDA:304,78,0,321
BRDA:320,79,0,321
BRDA:331,80,0,31
BRDA:331,81,0,1
BRDA:337,82,0,2
BRDA:406,83,0,3
BRDA:442,84,0,2
BRDA:449,85,0,0
BRDA:450,86,0,0
BRDA:451,87,0,0
BRDA:453,88,0,1
BRDA:453,89,0,1
BRDA:443,90,0,5
BRDA:494,91,0,3
BRF:92
BRH:81
end_of_record
TN:
SF:components/modals/RichTextEditor.tsx
FN:11,escapeHtml
FN:18,toHtml
FN:24,isHtmlEmpty
FN:29,RichTextEditor
FN:43,emitChange
FN:50,exec
FN:56,handleLink
FN:68,onClick
FN:71,onClick
FN:74,onClick
FN:78,onClick
FN:81,onClick
FN:88,onClick
FNF:13
FNH:13
FNDA:3,escapeHtml
FNDA:23,toHtml
FNDA:56,isHtmlEmpty
FNDA:29,RichTextEditor
FNDA:10,emitChange
FNDA:7,exec
FNDA:2,handleLink
FNDA:1,onClick
FNDA:1,onClick
FNDA:1,onClick
FNDA:1,onClick
FNDA:1,onClick
FNDA:1,onClick
DA:1,1
DA:2,1
DA:3,1
DA:4,1
DA:5,1
DA:6,1
DA:7,1
DA:8,1
DA:9,1
DA:10,1
DA:11,3
DA:12,3
DA:13,3
DA:14,3
DA:15,3
DA:16,3
DA:17,1
DA:18,23
DA:19,23
DA:20,23
DA:21,3
DA:22,3
DA:23,1
DA:24,56
DA:25,56
DA:26,56
DA:27,56
DA:28,1
DA:29,29
DA:30,29
DA:31,29
DA:32,29
DA:33,29
DA:34,23
DA:35,23
DA:36,23
DA:37,23
DA:38,23
DA:39,23
DA:40,23
DA:41,29
DA:42,29
DA:43,29
DA:44,10
DA:45,10
DA:46,10
DA:47,10
DA:48,10
DA:49,29
DA:50,29
DA:51,7
DA:52,7
DA:53,7
DA:54,7
DA:55,29
DA:56,29
DA:57,2
DA:58,2
DA:59,1
DA:60,2
DA:61,29
DA:62,29
DA:63,29
DA:64,29
DA:65,29
DA:66,29
DA:67,29
DA:68,29
DA:69,29
DA:70,29
DA:71,29
DA:72,29
DA:73,29
DA:74,29
DA:75,29
DA:76,29
DA:77,29
DA:78,29
DA:79,29
DA:80,29
DA:81,29
DA:82,29
DA:83,29
DA:84,29
DA:85,29
DA:86,29
DA:87,29
DA:88,29
DA:89,29
DA:90,29
DA:91,29
DA:92,29
DA:93,29
DA:94,7
DA:95,7
DA:96,7
DA:97,29
DA:98,29
DA:99,29
DA:100,29
DA:101,29
DA:102,29
DA:103,29
DA:104,29
DA:105,29
DA:106,29
DA:107,29
DA:108,29
DA:109,29
DA:110,29
DA:111,29
DA:112,29
LF:112
LH:112
BRDA:11,0,0,3
BRDA:18,1,0,23
BRDA:19,2,0,16
BRDA:19,3,0,7
BRDA:20,4,0,19
BRDA:20,5,0,4
BRDA:20,6,0,3
BRDA:24,7,0,56
BRDA:29,8,0,29
BRDA:93,9,0,18
BRDA:93,10,0,7
BRDA:31,11,0,23
BRDA:33,12,0,23
BRDA:43,13,0,10
BRDA:44,14,0,0
BRDA:50,15,0,7
BRDA:56,16,0,2
BRDA:58,17,0,1
BRDA:68,18,0,1
BRDA:71,19,0,1
BRDA:74,20,0,1
BRDA:78,21,0,1
BRDA:81,22,0,1
BRDA:88,23,0,1
BRF:24
BRH:23
end_of_record
TN:
SF:components/ui/Badge.tsx
FN:8,PriorityBadge
FN:29,TypeBadge
FNF:2
FNH:2
FNDA:12,PriorityBadge
FNDA:14,TypeBadge
DA:1,1
DA:2,1
DA:3,1
DA:4,1
DA:5,1
DA:6,1
DA:7,1
DA:8,1
DA:9,12
DA:10,12
DA:11,12
DA:12,12
DA:13,12
DA:14,12
DA:15,12
DA:16,12
DA:17,1
DA:18,1
DA:19,1
DA:20,1
DA:21,1
DA:22,1
DA:23,1
DA:24,1
DA:25,1
DA:26,1
DA:27,1
DA:28,1
DA:29,1
DA:30,14
DA:31,12
DA:32,12
DA:33,12
DA:34,12
DA:35,12
DA:36,12
DA:37,12
DA:38,12
LF:38
LH:38
BRDA:8,0,0,12
BRDA:29,1,0,14
BRDA:30,2,0,2
BRDA:30,3,0,12
BRF:4
BRH:4
end_of_record
TN:
SF:components/ui/FilterBar.tsx
FN:24,toggleItem
FN:35,MultiChip
FN:43,onClick
FN:57,FilterBar
FN:60,clearFilters
FN:77,onChange
FN:85,onClick
FN:101,onToggle
FN:110,onToggle
FN:119,onToggle
FN:128,onToggle
FN:137,onChange
FNF:12
FNH:9
FNDA:2,toggleItem
FNDA:56,MultiChip
FNDA:2,onClick
FNDA:14,FilterBar
FNDA:1,clearFilters
FNDA:1,onChange
FNDA:1,onClick
FNDA:2,onToggle
FNDA:0,onToggle
FNDA:0,onToggle
FNDA:0,onToggle
FNDA:1,onChange
DA:1,1
DA:2,1
DA:3,1
DA:4,1
DA:5,1
DA:6,1
DA:7,1
DA:8,1
DA:9,1
DA:10,1
DA:11,1
DA:12,1
DA:13,1
DA:14,1
DA:15,1
DA:16,1
DA:17,1
DA:18,1
DA:19,1
DA:20,1
DA:21,1
DA:22,1
DA:23,1
DA:24,2
DA:25,2
DA:26,2
DA:27,1
DA:28,1
DA:29,1
DA:30,1
DA:31,1
DA:32,1
DA:33,1
DA:34,1
DA:35,56
DA:36,56
DA:37,56
DA:38,56
DA:39,56
DA:40,196
DA:41,196
DA:42,196
DA:43,196
DA:44,196
DA:45,196
DA:46,4
DA:47,192
DA:48,196
DA:49,196
DA:50,196
DA:51,196
DA:52,56
DA:53,56
DA:54,56
DA:55,56
DA:56,1
DA:57,14
DA:58,14
DA:59,14
DA:60,14
DA:61,1
DA:62,1
DA:63,14
DA:64,14
DA:65,14
DA:66,14
DA:67,14
DA:68,14
DA:69,14
DA:70,14
DA:71,14
DA:72,14
DA:73,14
DA:74,14
DA:75,14
DA:76,14
DA:77,14
DA:78,14
DA:79,14
DA:80,14
DA:81,14
DA:82,3
DA:83,3
DA:84,3
DA:85,3
DA:86,3
DA:87,3
DA:88,3
DA:89,3
DA:90,3
DA:91,3
DA:92,14
DA:93,14
DA:94,14
DA:95,14
DA:96,14
DA:97,14
DA:98,14
DA:99,14
DA:100,14
DA:101,14
DA:102,14
DA:103,14
DA:104,14
DA:105,14
DA:106,14
DA:107,14
DA:108,14
DA:109,14
DA:110,14
DA:111,14
DA:112,14
DA:113,14
DA:114,14
DA:115,14
DA:116,14
DA:117,14
DA:118,14
DA:119,14
DA:120,14
DA:121,14
DA:122,14
DA:123,14
DA:124,14
DA:125,14
DA:126,14
DA:127,14
DA:128,14
DA:129,14
DA:130,14
DA:131,14
DA:132,14
DA:133,14
DA:134,14
DA:135,14
DA:136,14
DA:137,14
DA:138,14
DA:139,14
DA:140,14
DA:141,14
DA:142,14
DA:143,14
DA:144,14
DA:145,14
DA:146,14
DA:147,14
DA:148,6
DA:149,6
DA:150,6
DA:151,6
DA:152,6
DA:153,6
DA:154,14
DA:155,14
DA:156,14
DA:157,14
LF:157
LH:157
BRDA:24,0,0,2
BRDA:25,1,0,1
BRDA:25,2,0,1
BRDA:25,3,0,1
BRDA:35,4,0,56
BRDA:39,5,0,196
BRDA:45,6,0,4
BRDA:46,7,0,192
BRDA:43,8,0,2
BRDA:57,9,0,14
BRDA:79,10,0,3
BRDA:79,11,0,11
BRDA:81,12,0,3
BRDA:147,13,0,6
BRDA:60,14,0,1
BRDA:77,15,0,1
BRDA:85,16,0,1
BRDA:101,17,0,2
BRDA:137,18,0,1
BRF:19
BRH:19
end_of_record
TN:
SF:components/ui/Navbar.tsx
FN:18,Navbar
FN:39,handleSignOut
FN:44,handleFeatureSubmit
FN:62,handleFeatureClose
FN:69,handleInviteSubmit
FN:85,handleInviteClose
FN:93,handleSecuritySubmit
FN:121,handleSecurityClose
FN:129,handleExport
FN:150,handleImport
FN:223,onClick
FN:230,onClick
FN:245,onClick
FN:269,onClick
FN:297,onChange
FN:311,onChange
FN:324,onChange
FN:365,onClick
FN:393,onChange
FN:408,onChange
FN:450,onClick
FN:478,onChange
FN:492,onChange
FNF:23
FNH:15
FNDA:163,Navbar
FNDA:1,handleSignOut
FNDA:3,handleFeatureSubmit
FNDA:2,handleFeatureClose
FNDA:3,handleInviteSubmit
FNDA:1,handleInviteClose
FNDA:0,handleSecuritySubmit
FNDA:0,handleSecurityClose
FNDA:1,handleExport
FNDA:0,handleImport
FNDA:6,onClick
FNDA:7,onClick
FNDA:0,onClick
FNDA:8,onClick
FNDA:54,onChange
FNDA:0,onChange
FNDA:15,onChange
FNDA:0,onClick
FNDA:0,onChange
FNDA:0,onChange
FNDA:8,onClick
FNDA:27,onChange
FNDA:13,onChange
DA:1,1
DA:2,1
DA:3,1
DA:4,1
DA:5,1
DA:6,1
DA:7,1
DA:8,1
DA:9,1
DA:10,1
DA:11,1
DA:12,1
DA:13,1
DA:14,1
DA:15,1
DA:16,1
DA:17,1
DA:18,163
DA:19,163
DA:20,163
DA:21,163
DA:22,163
DA:23,163
DA:24,163
DA:25,163
DA:26,163
DA:27,163
DA:28,163
DA:29,163
DA:30,163
DA:31,163
DA:32,163
DA:33,163
DA:34,163
DA:35,163
DA:36,163
DA:37,163
DA:38,163
DA:39,163
DA:40,1
DA:41,1
DA:42,1
DA:43,163
DA:44,163
DA:45,3
DA:46,3
DA:47,3
DA:48,3
DA:49,3
DA:50,3
DA:51,3
DA:52,3
DA:53,3
DA:54,2
DA:55,2
DA:56,2
DA:57,3
DA:58,1
DA:59,1
DA:60,3
DA:61,163
DA:62,163
DA:63,2
DA:64,2
DA:65,2
DA:66,2
DA:67,2
DA:68,163
DA:69,163
DA:70,3
DA:71,3
DA:72,3
DA:73,3
DA:74,3
DA:75,3
DA:76,3
DA:77,3
DA:78,3
DA:79,2
DA:80,3
DA:81,1
DA:82,1
DA:83,3
DA:84,163
DA:85,163
DA:86,1
DA:87,1
DA:88,1
DA:89,1
DA:90,1
DA:91,1
DA:92,163
DA:93,163
DA:94,0
DA:95,0
DA:96,0
DA:97,0
DA:98,0
DA:99,0
DA:100,0
DA:101,0
DA:102,0
DA:103,0
DA:104,0
DA:105,0
DA:106,0
DA:107,0
DA:108,0
DA:109,0
DA:110,0
DA:111,0
DA:112,0
DA:113,0
DA:114,0
DA:115,0
DA:116,0
DA:117,0
DA:118,0
DA:119,0
DA:120,163
DA:121,163
DA:122,0
DA:123,0
DA:124,0
DA:125,0
DA:126,0
DA:127,0
DA:128,163
DA:129,163
DA:130,1
DA:131,1
DA:132,1
DA:133,1
DA:134,1
DA:135,1
DA:136,1
DA:137,1
DA:138,1
DA:139,1
DA:140,1
DA:141,0
DA:142,0
DA:143,0
DA:144,0
DA:145,1
DA:146,1
DA:147,1
DA:148,1
DA:149,163
DA:150,163
DA:151,0
DA:152,0
DA:153,0
DA:154,0
DA:155,0
DA:156,0
DA:157,0
DA:158,0
DA:159,0
DA:160,0
DA:161,0
DA:162,0
DA:163,163
DA:164,163
DA:165,163
DA:166,163
DA:167,163
DA:168,163
DA:169,163
DA:170,163
DA:171,163
DA:172,163
DA:173,163
DA:174,163
DA:175,163
DA:176,163
DA:177,163
DA:178,163
DA:179,163
DA:180,163
DA:181,163
DA:182,163
DA:183,163
DA:184,163
DA:185,163
DA:186,163
DA:187,163
DA:188,163
DA:189,163
DA:190,163
DA:191,163
DA:192,163
DA:193,163
DA:194,163
DA:195,163
DA:196,163
DA:197,163
DA:198,163
DA:199,163
DA:200,163
DA:201,163
DA:202,163
DA:203,163
DA:204,163
DA:205,163
DA:206,163
DA:207,163
DA:208,163
DA:209,163
DA:210,163
DA:211,163
DA:212,163
DA:213,163
DA:214,163
DA:215,163
DA:216,163
DA:217,163
DA:218,163
DA:219,163
DA:220,163
DA:221,163
DA:222,163
DA:223,163
DA:224,163
DA:225,163
DA:226,163
DA:227,163
DA:228,163
DA:229,163
DA:230,163
DA:231,163
DA:232,163
DA:233,163
DA:234,163
DA:235,163
DA:236,163
DA:237,163
DA:238,163
DA:239,163
DA:240,163
DA:241,163
DA:242,163
DA:243,163
DA:244,163
DA:245,163
DA:246,163
DA:247,163
DA:248,163
DA:249,163
DA:250,163
DA:251,163
DA:252,163
DA:253,163
DA:254,163
DA:255,163
DA:256,163
DA:257,163
DA:258,163
DA:259,163
DA:260,163
DA:261,163
DA:262,163
DA:263,81
DA:264,81
DA:265,81
DA:266,81
DA:267,81
DA:268,81
DA:269,81
DA:270,81
DA:271,81
DA:272,81
DA:273,81
DA:274,81
DA:275,81
DA:276,81
DA:277,2
DA:278,2
DA:279,2
DA:280,2
DA:281,2
DA:282,2
DA:283,2
DA:284,2
DA:285,2
DA:286,2
DA:287,79
DA:288,79
DA:289,79
DA:290,79
DA:291,79
DA:292,79
DA:293,79
DA:294,79
DA:295,79
DA:296,79
DA:297,79
DA:298,79
DA:299,79
DA:300,79
DA:301,79
DA:302,79
DA:303,79
DA:304,79
DA:305,79
DA:306,79
DA:307,79
DA:308,79
DA:309,79
DA:310,79
DA:311,79
DA:312,79
DA:313,79
DA:314,79
DA:315,79
DA:316,79
DA:317,79
DA:318,79
DA:319,79
DA:320,79
DA:321,79
DA:322,79
DA:323,79
DA:324,79
DA:325,79
DA:326,79
DA:327,79
DA:328,79
DA:329,79
DA:330,79
DA:331,79
DA:332,79
DA:333,1
DA:334,79
DA:335,79
DA:336,79
DA:337,79
DA:338,79
DA:339,79
DA:340,79
DA:341,79
DA:342,79
DA:343,79
DA:344,79
DA:345,79
DA:346,79
DA:347,79
DA:348,79
DA:349,79
DA:350,79
DA:351,79
DA:352,79
DA:353,81
DA:354,81
DA:355,81
DA:356,163
DA:357,163
DA:358,163
DA:359,0
DA:360,0
DA:361,0
DA:362,0
DA:363,0
DA:364,0
DA:365,0
DA:366,0
DA:367,0
DA:368,0
DA:369,0
DA:370,0
DA:371,0
DA:372,0
DA:373,0
DA:374,0
DA:375,0
DA:376,0
DA:377,0
DA:378,0
DA:379,0
DA:380,0
DA:381,0
DA:382,0
DA:383,0
DA:384,0
DA:385,0
DA:386,0
DA:387,0
DA:388,0
DA:389,0
DA:390,0
DA:391,0
DA:392,0
DA:393,0
DA:394,0
DA:395,0
DA:396,0
DA:397,0
DA:398,0
DA:399,0
DA:400,0
DA:401,0
DA:402,0
DA:403,0
DA:404,0
DA:405,0
DA:406,0
DA:407,0
DA:408,0
DA:409,0
DA:410,0
DA:411,0
DA:412,0
DA:413,0
DA:414,0
DA:415,0
DA:416,0
DA:417,0
DA:418,0
DA:419,0
DA:420,0
DA:421,0
DA:422,0
DA:423,0
DA:424,0
DA:425,0
DA:426,0
DA:427,0
DA:428,0
DA:429,0
DA:430,0
DA:431,0
DA:432,0
DA:433,0
DA:434,0
DA:435,0
DA:436,0
DA:437,0
DA:438,0
DA:439,0
DA:440,163
DA:441,163
DA:442,163
DA:443,53
DA:444,53
DA:445,53
DA:446,53
DA:447,53
DA:448,53
DA:449,53
DA:450,53
DA:451,53
DA:452,53
DA:453,53
DA:454,53
DA:455,53
DA:456,53
DA:457,53
DA:458,2
DA:459,2
DA:460,2
DA:461,2
DA:462,2
DA:463,2
DA:464,2
DA:465,2
DA:466,2
DA:467,2
DA:468,51
DA:469,51
DA:470,51
DA:471,51
DA:472,51
DA:473,51
DA:474,51
DA:475,51
DA:476,51
DA:477,51
DA:478,51
DA:479,51
DA:480,51
DA:481,51
DA:482,51
DA:483,51
DA:484,51
DA:485,51
DA:486,51
DA:487,51
DA:488,51
DA:489,51
DA:490,51
DA:491,51
DA:492,51
DA:493,51
DA:494,51
DA:495,51
DA:496,51
DA:497,51
DA:498,51
DA:499,51
DA:500,51
DA:501,1
DA:502,51
DA:503,51
DA:504,51
DA:505,51
DA:506,51
DA:507,51
DA:508,51
DA:509,51
DA:510,51
DA:511,51
DA:512,51
DA:513,51
DA:514,51
DA:515,51
DA:516,51
DA:517,51
DA:518,51
DA:519,51
DA:520,51
DA:521,53
DA:522,53
DA:523,53
DA:524,163
DA:525,163
DA:526,163
DA:527,163
LF:527
LH:398
BRDA:18,0,0,163
BRDA:211,1,0,0
BRDA:211,2,0,162
BRDA:215,3,0,0
BRDA:215,4,0,162
BRDA:262,5,0,81
BRDA:276,6,0,2
BRDA:286,7,0,79
BRDA:332,8,0,1
BRDA:346,9,0,76
BRDA:349,10,0,3
BRDA:349,11,0,76
BRDA:358,12,0,0
BRDA:442,13,0,53
BRDA:457,14,0,2
BRDA:467,15,0,51
BRDA:500,16,0,1
BRDA:514,17,0,48
BRDA:517,18,0,3
BRDA:517,19,0,48
BRDA:39,20,0,1
BRDA:44,21,0,3
BRDA:53,22,0,1
BRDA:53,23,0,2
BRDA:57,24,0,1
BRDA:62,25,0,2
BRDA:69,26,0,3
BRDA:78,27,0,1
BRDA:78,28,0,2
BRDA:80,29,0,1
BRDA:85,30,0,1
BRDA:129,31,0,1
BRDA:140,32,0,0
BRDA:130,33,0,1
BRDA:223,34,0,6
BRDA:230,35,0,7
BRDA:269,36,0,8
BRDA:297,37,0,54
BRDA:324,38,0,15
BRDA:450,39,0,8
BRDA:478,40,0,27
BRDA:492,41,0,13
BRF:42
BRH:38
end_of_record
TN:
SF:components/ui/StatsBar.tsx
FN:8,StatsBar
FNF:1
FNH:1
FNDA:5,StatsBar
DA:1,1
DA:2,1
DA:3,1
DA:4,1
DA:5,1
DA:6,1
DA:7,1
DA:8,5
DA:9,5
DA:10,5
DA:11,5
DA:12,5
DA:13,5
DA:14,5
DA:15,5
DA:16,5
DA:17,5
DA:18,5
DA:19,5
DA:20,5
DA:21,5
DA:22,5
DA:23,5
DA:24,20
DA:25,20
DA:26,20
DA:27,20
DA:28,5
DA:29,5
DA:30,5
DA:31,5
LF:31
LH:31
BRDA:8,0,0,5
BRDA:23,1,0,20
BRF:2
BRH:2
end_of_record
TN:
SF:lib/csv.ts
FN:8,escapeCsvValue
FN:18,exportToCsv
FN:35,downloadCsv
FN:50,parseCsvRows
FN:88,parseCsv
FNF:5
FNH:4
FNDA:240,escapeCsvValue
FNDA:15,exportToCsv
FNDA:0,downloadCsv
FNDA:18,parseCsvRows
FNDA:18,parseCsv
DA:1,1
DA:2,1
DA:3,1
DA:4,1
DA:5,1
DA:6,1
DA:7,1
DA:8,240
DA:9,240
DA:10,183
DA:11,183
DA:12,240
DA:13,7
DA:14,7
DA:15,176
DA:16,176
DA:17,1
DA:18,1
DA:19,15
DA:20,15
DA:21,15
DA:22,15
DA:23,15
DA:24,15
DA:25,15
DA:26,15
DA:27,15
DA:28,15
DA:29,15
DA:30,15
DA:31,15
DA:32,15
DA:33,15
DA:34,1
DA:35,1
DA:36,0
DA:37,0
DA:38,0
DA:39,0
DA:40,0
DA:41,0
DA:42,0
DA:43,0
DA:44,0
DA:45,0
DA:46,0
DA:47,0
DA:48,1
DA:49,1
DA:50,18
DA:51,18
DA:52,18
DA:53,18
DA:54,18
DA:55,18
DA:56,18
DA:57,18
DA:58,3279
DA:59,3279
DA:60,42
DA:61,28
DA:62,28
DA:63,28
DA:64,28
DA:65,14
DA:66,3279
DA:67,516
DA:68,516
DA:69,3237
DA:70,0
DA:71,2721
DA:72,18
DA:73,18
DA:74,18
DA:75,18
DA:76,2721
DA:77,2703
DA:78,2703
DA:79,3251
DA:80,3251
DA:81,18
DA:82,18
DA:83,18
DA:84,18
DA:85,18
DA:86,18
DA:87,1
DA:88,1
DA:89,18
DA:90,18
DA:91,17
DA:92,17
DA:93,17
DA:94,17
DA:95,18
DA:96,18
DA:97,18
DA:98,18
DA:99,276
DA:100,18
DA:101,18
DA:102,18
DA:103,17
DA:104,17
DA:105,18
DA:106,3
DA:107,3
DA:108,3
DA:109,2
DA:110,2
DA:111,3
DA:112,2
DA:113,2
DA:114,2
DA:115,3
DA:116,1
DA:117,1
DA:118,3
DA:119,17
DA:120,17
DA:121,17
DA:122,18
DA:123,18
DA:124,18
DA:125,18
DA:126,18
DA:127,18
DA:128,18
DA:129,18
DA:130,18
DA:131,18
DA:132,18
DA:133,18
DA:134,18
DA:135,18
DA:136,18
DA:137,18
DA:138,18
DA:139,18
DA:140,18
DA:141,18
LF:141
LH:128
BRDA:8,0,0,240
BRDA:9,1,0,57
BRDA:9,2,0,183
BRDA:12,3,0,179
BRDA:12,4,0,177
BRDA:12,5,0,7
BRDA:14,6,0,176
BRDA:18,7,0,15
BRDA:25,8,0,15
BRDA:27,9,0,3
BRDA:27,10,0,13
BRDA:28,11,0,2
BRDA:28,12,0,13
BRDA:26,13,0,225
BRDA:50,14,0,18
BRDA:57,15,0,3279
BRDA:59,16,0,42
BRDA:60,17,0,35
BRDA:60,18,0,28
BRDA:64,19,0,14
BRDA:66,20,0,3237
BRDA:66,21,0,522
BRDA:66,22,0,516
BRDA:69,23,0,2721
BRDA:69,24,0,0
BRDA:71,25,0,20
BRDA:71,26,0,18
BRDA:76,27,0,2703
BRDA:78,28,0,3251
BRDA:83,29,0,19
BRDA:88,30,0,18
BRDA:90,31,0,1
BRDA:90,32,0,17
BRDA:102,33,0,1
BRDA:102,34,0,17
BRDA:105,35,0,3
BRDA:108,36,0,2
BRDA:113,37,0,0
BRDA:115,38,0,1
BRDA:118,39,0,17
BRDA:122,40,0,1
BRDA:123,41,0,0
BRDA:124,42,0,12
BRDA:125,43,0,12
BRDA:126,44,0,12
BRDA:127,45,0,12
BRDA:128,46,0,12
BRDA:129,47,0,12
BRDA:130,48,0,0
BRDA:131,49,0,17
BRDA:132,50,0,14
BRDA:133,51,0,17
BRDA:134,52,0,17
BRDA:135,53,0,17
BRDA:135,54,0,0
BRDA:92,55,0,261
BRDA:98,56,0,276
BRDA:99,57,0,0
BRDA:110,58,0,3
BRF:59
BRH:53
end_of_record
TN:
SF:lib/password.ts
FN:14,test
FN:19,test
FN:24,test
FN:29,test
FN:34,test
FN:44,validatePassword
FNF:6
FNH:6
FNDA:302,test
FNDA:302,test
FNDA:302,test
FNDA:302,test
FNDA:302,test
FNDA:245,validatePassword
DA:1,1
DA:2,1
DA:3,1
DA:4,1
DA:5,1
DA:6,1
DA:7,1
DA:8,1
DA:9,1
DA:10,1
DA:11,1
DA:12,1
DA:13,1
DA:14,1
DA:15,1
DA:16,1
DA:17,1
DA:18,1
DA:19,1
DA:20,1
DA:21,1
DA:22,1
DA:23,1
DA:24,1
DA:25,1
DA:26,1
DA:27,1
DA:28,1
DA:29,1
DA:30,1
DA:31,1
DA:32,1
DA:33,1
DA:34,1
DA:35,1
DA:36,1
DA:37,1
DA:38,1
DA:39,1
DA:40,1
DA:41,1
DA:42,1
DA:43,1
DA:44,1
DA:45,245
DA:46,245
DA:47,6
DA:48,6
DA:49,239
DA:50,239
DA:51,239
DA:52,239
DA:53,239
DA:54,239
DA:55,239
DA:56,239
DA:57,239
LF:57
LH:57
BRDA:14,0,0,302
BRDA:19,1,0,302
BRDA:24,2,0,302
BRDA:29,3,0,302
BRDA:34,4,0,302
BRDA:44,5,0,245
BRDA:46,6,0,6
BRDA:48,7,0,239
BRDA:45,8,0,1225
BRDA:45,9,0,1105
BRDA:49,10,0,1195
BRDA:50,11,0,1105
BRF:12
BRH:12
end_of_record
TN:
SF:lib/sentry-filters.ts
FN:7,filterHydrationEvent
FNF:1
FNH:1
FNDA:6,filterHydrationEvent
DA:1,1
DA:2,1
DA:3,1
DA:4,1
DA:5,1
DA:6,1
DA:7,1
DA:8,6
DA:9,6
DA:10,3
DA:11,3
DA:12,3
DA:13,3
DA:14,4
DA:15,4
LF:15
LH:15
BRDA:7,0,0,6
BRDA:8,1,0,5
BRDA:8,2,0,1
BRDA:9,3,0,3
BRDA:10,4,0,0
BRDA:12,5,0,2
BRDA:13,6,0,4
BRDA:11,7,0,2
BRF:8
BRH:7
end_of_record
TN:
SF:lib/trackEvent.ts
FN:2,trackEvent
FNF:1
FNH:1
FNDA:3,trackEvent
DA:1,1
DA:2,1
DA:3,3
DA:4,3
DA:5,3
DA:6,3
DA:7,3
DA:8,3
LF:8
LH:8
BRDA:2,0,0,3
BRDA:7,1,0,1
BRF:2
BRH:2
end_of_record
TN:
SF:lib/types.ts
FNF:0
FNH:0
DA:1,1
DA:2,1
DA:3,1
DA:4,1
DA:5,1
DA:6,1
DA:7,1
DA:8,1
DA:9,1
DA:10,1
DA:11,1
DA:12,1
DA:13,1
DA:14,1
DA:15,1
DA:16,1
DA:17,1
DA:18,1
DA:19,1
DA:20,1
DA:21,1
DA:22,1
DA:23,1
DA:24,1
DA:25,1
DA:26,1
DA:27,1
DA:28,1
DA:29,1
DA:30,1
DA:31,1
DA:32,1
DA:33,1
DA:34,1
DA:35,1
DA:36,1
DA:37,1
DA:38,1
DA:39,1
DA:40,1
DA:41,1
DA:42,1
DA:43,1
DA:44,1
DA:45,1
DA:46,1
DA:47,1
DA:48,1
DA:49,1
DA:50,1
DA:51,1
DA:52,1
DA:53,1
DA:54,1
DA:55,1
DA:56,1
DA:57,1
DA:58,1
DA:59,1
DA:60,1
DA:61,1
DA:62,1
DA:63,1
DA:64,1
DA:65,1
DA:66,1
DA:67,1
DA:68,1
DA:69,1
DA:70,1
DA:71,1
DA:72,1
DA:73,1
DA:74,1
DA:75,1
DA:76,1
DA:77,1
DA:78,1
DA:79,1
DA:80,1
DA:81,1
DA:82,1
DA:83,1
DA:84,1
DA:85,1
DA:86,1
DA:87,1
DA:88,1
DA:89,1
DA:90,1
DA:91,1
DA:92,1
DA:93,1
DA:94,1
DA:95,1
DA:96,1
DA:97,1
DA:98,1
DA:99,1
DA:100,1
DA:101,1
DA:102,1
DA:103,1
DA:104,1
DA:105,1
DA:106,1
DA:107,1
DA:108,1
DA:109,1
DA:110,1
DA:111,1
DA:112,1
DA:113,1
DA:114,1
DA:115,1
DA:116,1
DA:117,1
DA:118,1
DA:119,1
DA:120,1
DA:121,1
DA:122,1
DA:123,1
DA:124,1
DA:125,1
DA:126,1
DA:127,1
DA:128,1
DA:129,1
DA:130,1
DA:131,1
DA:132,1
DA:133,1
DA:134,1
DA:135,1
DA:136,1
DA:137,1
DA:138,1
DA:139,1
DA:140,1
DA:141,1
DA:142,1
DA:143,1
DA:144,1
DA:145,1
DA:146,1
DA:147,1
DA:148,1
DA:149,1
DA:150,1
DA:151,1
DA:152,1
DA:153,1
DA:154,1
DA:155,1
DA:156,1
DA:157,1
DA:158,1
DA:159,1
DA:160,1
DA:161,1
DA:162,1
DA:163,1
DA:164,1
DA:165,1
DA:166,1
DA:167,1
DA:168,1
DA:169,1
DA:170,1
DA:171,1
DA:172,1
DA:173,1
DA:174,1
DA:175,1
DA:176,1
DA:177,1
DA:178,1
DA:179,1
DA:180,1
DA:181,1
DA:182,1
LF:182
LH:182
BRDA:128,0,0,54
BRF:1
BRH:1
end_of_record
TN:
SF:lib/utils.ts
FN:9,filterApplications
FN:21,sortApplications
FN:41,getStageApplications
FN:52,computeStats
FN:60,priorityColor
FN:68,formatDate
FN:74,todayLocalDate
FN:82,hasActiveFilters
FNF:8
FNH:8
FNDA:17,filterApplications
FNDA:8,sortApplications
FNDA:3,getStageApplications
FNDA:10,computeStats
FNDA:15,priorityColor
FNDA:11,formatDate
FNDA:42,todayLocalDate
FNDA:21,hasActiveFilters
DA:1,1
DA:2,1
DA:3,1
DA:4,1
DA:5,1
DA:6,1
DA:7,1
DA:8,1
DA:9,1
DA:10,17
DA:11,17
DA:12,46
DA:13,46
DA:14,46
DA:15,46
DA:16,46
DA:17,22
DA:18,17
DA:19,17
DA:20,1
DA:21,1
DA:22,8
DA:23,21
DA:24,21
DA:25,6
DA:26,21
DA:27,3
DA:28,3
DA:29,3
DA:30,1
DA:31,21
DA:32,8
DA:33,21
DA:34,4
DA:35,21
DA:36,0
DA:37,21
DA:38,8
DA:39,8
DA:40,1
DA:41,1
DA:42,3
DA:43,3
DA:44,3
DA:45,3
DA:46,3
DA:47,3
DA:48,3
DA:49,3
DA:50,3
DA:51,1
DA:52,1
DA:53,10
DA:54,10
DA:55,10
DA:56,10
DA:57,10
DA:58,10
DA:59,1
DA:60,1
DA:61,15
DA:62,15
DA:63,15
DA:64,15
DA:65,15
DA:66,15
DA:67,1
DA:68,1
DA:69,11
DA:70,10
DA:71,10
DA:72,10
DA:73,1
DA:74,1
DA:75,42
DA:76,42
DA:77,42
DA:78,42
DA:79,42
DA:80,42
DA:81,1
DA:82,1
DA:83,21
DA:84,21
DA:85,17
DA:86,13
DA:87,12
DA:88,11
DA:89,21
DA:90,21
LF:90
LH:89
BRDA:9,0,0,17
BRDA:11,1,0,46
BRDA:12,2,0,11
BRDA:12,3,0,6
BRDA:12,4,0,40
BRDA:13,5,0,16
BRDA:13,6,0,9
BRDA:13,7,0,31
BRDA:14,8,0,8
BRDA:14,9,0,6
BRDA:14,10,0,5
BRDA:14,11,0,26
BRDA:15,12,0,4
BRDA:15,13,0,2
BRDA:15,14,0,24
BRDA:16,15,0,4
BRDA:16,16,0,2
BRDA:16,17,0,22
BRDA:21,18,0,8
BRDA:22,19,0,21
BRDA:24,20,0,6
BRDA:26,21,0,3
BRDA:27,22,0,2
BRDA:27,23,0,0
BRDA:28,24,0,2
BRDA:28,25,0,1
BRDA:29,26,0,0
BRDA:29,27,0,1
BRDA:31,28,0,8
BRDA:32,29,0,0
BRDA:32,30,0,0
BRDA:33,31,0,4
BRDA:35,32,0,0
BRDA:41,33,0,3
BRDA:47,34,0,9
BRDA:52,35,0,10
BRDA:54,36,0,51
BRDA:55,37,0,51
BRDA:56,38,0,51
BRDA:60,39,0,15
BRDA:62,40,0,11
BRDA:63,41,0,2
BRDA:64,42,0,2
BRDA:68,43,0,11
BRDA:69,44,0,1
BRDA:69,45,0,10
BRDA:74,46,0,42
BRDA:82,47,0,21
BRDA:84,48,0,17
BRDA:85,49,0,13
BRDA:86,50,0,12
BRDA:87,51,0,11
BRF:52
BRH:47
end_of_record
